
PS C:\Users\mhmdk\OneDrive\Documents\GitHub\Aragon-RSPS-Launcher> npm run tauri:build

> aragon-launcher@1.0.0 tauri:build
> tauri build

     Running beforeBuildCommand `npm run build`

> aragon-launcher@1.0.0 build
> vite build

The CJS build of Vite's Node API is deprecated. See https://vite.dev/guide/troubleshooting.html#vite-cjs-node-api-deprecated for more details.
vite v5.4.20 building for production...
✓ 4 modules transformed.
dist/index.html                 3.46 kB │ gzip: 1.00 kB
dist/assets/index-DA93ks1T.css  3.93 kB │ gzip: 1.30 kB
dist/assets/index-BUfZs-Yj.js   4.47 kB │ gzip: 1.70 kB
✓ built in 103ms
   Compiling proc-macro2 v1.0.101
   Compiling quote v1.0.41
   Compiling unicode-ident v1.0.19
   Compiling cfg-if v1.0.3
   Compiling serde_core v1.0.228
   Compiling zerocopy v0.8.27
   Compiling serde v1.0.228
   Compiling syn v1.0.109
   Compiling siphasher v0.3.11
   Compiling parking_lot_core v0.9.12
   Compiling getrandom v0.1.16
   Compiling windows-link v0.2.1
   Compiling siphasher v1.0.1
   Compiling smallvec v1.15.1
   Compiling icu_properties_data v2.0.1
   Compiling getrandom v0.2.16
   Compiling icu_normalizer_data v2.0.0
   Compiling autocfg v1.5.0
   Compiling stable_deref_trait v1.2.1
   Compiling rand_core v0.6.4
   Compiling phf_shared v0.11.3
   Compiling phf_shared v0.8.0
   Compiling phf_shared v0.10.0
   Compiling proc-macro-hack v0.5.20+deprecated
   Compiling getrandom v0.3.3
   Compiling thiserror v1.0.69
   Compiling memchr v2.7.6
   Compiling scopeguard v1.2.0
   Compiling fnv v1.0.7
   Compiling serde_json v1.0.145
   Compiling windows_x86_64_msvc v0.48.5
   Compiling lock_api v0.4.14
   Compiling itoa v1.0.15
   Compiling typenum v1.19.0
   Compiling rand_core v0.5.1
   Compiling ryu v1.0.20
   Compiling indexmap v1.9.3
   Compiling find-msvc-tools v0.1.4
   Compiling rand_pcg v0.2.1
   Compiling parking_lot v0.12.5
   Compiling version_check v0.9.5
   Compiling shlex v1.3.0
   Compiling windows_x86_64_msvc v0.52.6
   Compiling ident_case v1.0.1
   Compiling strsim v0.11.1
   Compiling libc v0.2.177
   Compiling convert_case v0.4.0
   Compiling windows-sys v0.61.2
   Compiling hashbrown v0.16.0
   Compiling writeable v0.6.1
   Compiling syn v2.0.106
   Compiling generic-array v0.14.7
   Compiling cc v1.2.41
   Compiling litemap v0.8.0
   Compiling equivalent v1.0.2
   Compiling new_debug_unreachable v1.0.6
   Compiling windows-targets v0.52.6
   Compiling bytes v1.10.1
   Compiling byteorder v1.5.0
   Compiling indexmap v2.11.4
   Compiling log v0.4.28
   Compiling aho-corasick v1.1.3
   Compiling regex-syntax v0.8.6
   Compiling ppv-lite86 v0.2.21
   Compiling winapi v0.3.9
   Compiling precomputed-hash v0.1.1
   Compiling mac v0.1.1
   Compiling windows-tokens v0.39.0
   Compiling futf v0.1.5
   Compiling rand_chacha v0.3.1
   Compiling rand_chacha v0.2.2
   Compiling crc32fast v1.5.0
   Compiling pin-project-lite v0.2.16
   Compiling rand v0.8.5
   Compiling rand v0.7.3
   Compiling utf-8 v0.7.6
   Compiling bitflags v1.3.2
   Compiling dtoa v1.0.10
   Compiling tendril v0.4.3
   Compiling dtoa-short v0.3.5
   Compiling windows-sys v0.59.0
   Compiling phf_generator v0.11.3
   Compiling phf_generator v0.10.0
   Compiling phf v0.10.1
   Compiling matches v0.1.10
   Compiling string_cache_codegen v0.5.4
   Compiling phf_generator v0.8.0
   Compiling phf_codegen v0.10.0
   Compiling once_cell v1.21.3
   Compiling phf_codegen v0.8.0
   Compiling regex-automata v0.4.11
   Compiling itoa v0.4.8
   Compiling windows_x86_64_msvc v0.39.0
   Compiling crossbeam-utils v0.8.21
   Compiling selectors v0.22.0
   Compiling nodrop v0.1.14
   Compiling alloc-no-stdlib v2.0.4
   Compiling semver v1.0.27
   Compiling markup5ever v0.11.0
   Compiling alloc-stdlib v0.2.2
   Compiling servo_arc v0.1.1
   Compiling uuid v1.18.1
   Compiling http v0.2.12
   Compiling fxhash v0.2.1
   Compiling synstructure v0.13.2
   Compiling darling_core v0.21.3
   Compiling winapi-util v0.1.11
   Compiling hashbrown v0.12.3
   Compiling percent-encoding v2.3.2
   Compiling windows-metadata v0.39.0
   Compiling thin-slice v0.1.1
   Compiling utf8_iter v1.0.4
   Compiling form_urlencoded v1.2.2
   Compiling same-file v1.0.6
   Compiling cfb v0.7.3
   Compiling windows-bindgen v0.39.0
   Compiling brotli-decompressor v4.0.3
   Compiling regex v1.11.3
   Compiling mio v1.0.4
   Compiling socket2 v0.6.0
   Compiling vswhom-sys v0.1.3
   Compiling futures-core v0.3.31
   Compiling simd-adler32 v0.3.7
   Compiling anyhow v1.0.100
   Compiling brotli v7.0.0
   Compiling cssparser v0.27.2
   Compiling phf_macros v0.8.0
   Compiling html5ever v0.26.0
   Compiling windows-implement v0.39.0
   Compiling serde_derive v1.0.228
   Compiling zerofrom-derive v0.1.6
   Compiling yoke-derive v0.8.0
   Compiling zerovec-derive v0.11.1
   Compiling displaydoc v0.2.5
   Compiling thiserror-impl v1.0.69
   Compiling cssparser-macros v0.6.1
   Compiling derive_more v0.99.20
   Compiling phf_macros v0.11.3
   Compiling phf v0.8.0
   Compiling ctor v0.2.9
   Compiling tokio-macros v2.5.0
   Compiling windows v0.39.0
   Compiling darling_macro v0.21.3
   Compiling infer v0.13.0
   Compiling phf v0.11.3
   Compiling walkdir v2.5.0
   Compiling windows-targets v0.48.5
   Compiling darling v0.21.3
   Compiling tokio v1.47.1
   Compiling zerofrom v0.1.6
   Compiling serde_with_macros v3.15.0
   Compiling windows-version v0.1.7
   Compiling yoke v0.8.0
   Compiling num-traits v0.2.19
   Compiling glob v0.3.3
   Compiling adler2 v2.0.1
   Compiling winnow v0.5.40
   Compiling zerovec v0.11.4
   Compiling zerotrie v0.2.2
   Compiling toml_write v0.1.2
   Compiling winnow v0.7.13
   Compiling windows_x86_64_msvc v0.53.1
   Compiling heck v0.5.0
   Compiling dunce v1.0.5
   Compiling serde_with v3.15.0
   Compiling miniz_oxide v0.8.9
   Compiling tinystr v0.8.1
   Compiling potential_utf v0.1.3
   Compiling icu_collections v2.0.0
   Compiling icu_locale_core v2.0.0
   Compiling windows-sys v0.48.0
   Compiling string_cache v0.8.9
   Compiling toml_datetime v0.6.11
   Compiling serde_spanned v0.6.9
   Compiling jsonptr v0.4.7
   Compiling webview2-com-sys v0.19.0
   Compiling icu_provider v2.0.0
   Compiling toml_edit v0.19.15
   Compiling toml_edit v0.22.27
   Compiling icu_normalizer v2.0.0
   Compiling icu_properties v2.0.1
   Compiling json-patch v2.0.0
   Compiling futures-macro v0.3.31
   Compiling idna_adapter v1.2.1
   Compiling idna v1.1.0
   Compiling kuchikiki v0.8.2
   Compiling slab v0.4.11
   Compiling futures-task v0.3.31
   Compiling futures-io v0.3.31
   Compiling pin-utils v0.1.0
   Compiling toml v0.8.23
   Compiling url v2.5.7
   Compiling futures-util v0.3.31
   Compiling toml v0.7.8
   Compiling tauri-utils v1.6.2
   Compiling vswhom v0.1.0
   Compiling winreg v0.52.0
   Compiling flate2 v1.1.4
   Compiling block-buffer v0.10.4
   Compiling crypto-common v0.1.6
   Compiling webview2-com-macros v0.6.0
   Compiling fdeflate v0.3.7
   Compiling rustc_version v0.4.1
   Compiling tracing-core v0.1.34
   Compiling tao v0.16.10
   Compiling futures-sink v0.3.31
   Compiling native-tls v0.2.14
   Compiling bytemuck v1.24.0
   Compiling httparse v1.10.1
   Compiling raw-window-handle v0.5.2
   Compiling windows_x86_64_msvc v0.42.2
   Compiling color_quant v1.1.0
   Compiling tracing v0.1.41
   Compiling tokio-util v0.7.16
   Compiling embed-resource v2.5.2
   Compiling image v0.24.9
   Compiling png v0.17.16
   Compiling dirs-sys-next v0.1.2
   Compiling digest v0.10.7
   Compiling windows-targets v0.53.5
   Compiling crossbeam-channel v0.5.15
   Compiling schannel v0.1.28
   Compiling windows-sys v0.52.0
   Compiling instant v0.1.13
   Compiling wry v0.24.11
   Compiling cpufeatures v0.2.17
   Compiling unicode-segmentation v1.12.0
   Compiling tauri-runtime v0.14.6
   Compiling lazy_static v1.5.0
   Compiling try-lock v0.2.5
   Compiling want v0.3.1
   Compiling sha2 v0.10.9
   Compiling ico v0.4.0
   Compiling socket2 v0.5.10
   Compiling h2 v0.3.27
   Compiling dirs-next v2.0.0
   Compiling windows-sys v0.60.2
   Compiling tauri-winres v0.1.1
   Compiling cargo_toml v0.15.3
   Compiling futures-channel v0.3.31
   Compiling crossbeam-epoch v0.9.18
   Compiling http-body v0.4.6
   Compiling bstr v1.12.0
   Compiling httpdate v1.0.3
   Compiling base64 v0.21.7
   Compiling http-range v0.1.5
   Compiling tower-service v0.3.3
   Compiling tauri-runtime-wry v0.14.11
   Compiling filetime v0.2.26
   Compiling tauri v1.8.3
   Compiling globset v0.4.16
   Compiling tauri-codegen v1.4.6
   Compiling crossbeam-deque v0.8.6
   Compiling windows-sys v0.42.0
   Compiling tauri-build v1.5.6
   Compiling tokio-native-tls v0.3.1
   Compiling serialize-to-javascript-impl v0.1.2
   Compiling encoding_rs v0.8.35
   Compiling fastrand v2.3.0
   Compiling option-ext v0.2.0
   Compiling dirs-sys v0.4.1
   Compiling tempfile v3.23.0
   Compiling serialize-to-javascript v0.1.2
   Compiling rustls-pemfile v1.0.4
   Compiling ignore v0.4.23
   Compiling hyper v0.14.32
   Compiling winreg v0.50.0
   Compiling open v3.2.0
   Compiling tar v0.4.44
   Compiling serde_urlencoded v0.7.1
   Compiling serde_repr v0.1.20
   Compiling state v0.5.3
   Compiling sync_wrapper v0.1.2
   Compiling mime v0.3.17
   Compiling ipnet v2.11.0
   Compiling dirs v5.0.1
   Compiling tauri-macros v1.4.7
   Compiling aragon-launcher v1.0.0 (C:\Users\mhmdk\OneDrive\Documents\GitHub\Aragon-RSPS-Launcher\src-tauri)
   Compiling hyper-tls v0.5.0
   Compiling reqwest v0.11.27
   Compiling webview2-com v0.19.1
error: expected one of `)`, `,`, `@`, `if`, or `|`, found `:`
   --> src\main.rs:141:24
    |
141 |         if let Ok(local: Manifest) = serde_json::from_str(&content) {
    |                        ^ expected one of `)`, `,`, `@`, `if`, or `|`

error: expected `,`
   --> src\main.rs:141:24
    |
141 |         if let Ok(local: Manifest) = serde_json::from_str(&content) {
    |                        ^

error: cannot find macro `__cmd__check_for_updates` in this scope
   --> src\main.rs:289:13
    |
289 |             check_for_updates,
    |             ^^^^^^^^^^^^^^^^^

warning: unused variable: `window`
   --> src\main.rs:172:26
    |
172 | async fn download_update(window: Window, update_info: UpdateInfo) -> Result<(), String> {
    |                          ^^^^^^ help: if this is intentional, prefix it with an underscore: `_window`
    |
    = note: `#[warn(unused_variables)]` on by default

warning: unused variable: `total_size`
   --> src\main.rs:183:9
    |
183 |     let total_size = file.size;
    |         ^^^^^^^^^^ help: if this is intentional, prefix it with an underscore: `_total_size`

warning: unused variable: `downloaded`
   --> src\main.rs:184:13
    |
184 |     let mut downloaded: u64 = 0;
    |             ^^^^^^^^^^ help: if this is intentional, prefix it with an underscore: `_downloaded`

warning: variable does not need to be mutable
   --> src\main.rs:184:9
    |
184 |     let mut downloaded: u64 = 0;
    |         ----^^^^^^^^^^
    |         |
    |         help: remove this `mut`
    |
    = note: `#[warn(unused_mut)]` on by default

error[E0382]: borrow of partially moved value: `update_info`
   --> src\main.rs:206:54
    |
173 |     let file = update_info.file
    |                ---------------- help: consider calling `.as_ref()` or `.as_mut()` to borrow the type's contents
174 |         .ok_or("No file entry found")?;
    |          ---------------------------- `update_info.file` partially moved due to this method call
...
206 |     let manifest_json = serde_json::to_string_pretty(&update_info)
    |                                                      ^^^^^^^^^^^^ value borrowed here after partial move
    |
note: `std::option::Option::<T>::ok_or` takes ownership of the receiver `self`, which moves `update_info.file`
   --> /rustc/1159e78c4747b02ef996e55082b704c09b970588\library\core\src\option.rs:1330:44
    = note: partial move occurs because `update_info.file` has type `std::option::Option<FileEntry>`, which does not implement the `Copy` trait
help: you can `clone` the value and consume it, but this might not be your desired behavior
    |
173 |     let file = update_info.file.clone()
    |                                ++++++++

For more information about this error, try `rustc --explain E0382`.
warning: `aragon-launcher` (bin "aragon-launcher") generated 4 warnings
error: could not compile `aragon-launcher` (bin "aragon-launcher") due to 4 previous errors; 4 warnings emitted
       Error failed to build app: failed to build app
PS C:\Users\mhmdk\OneDrive\Documents\GitHub\Aragon-RSPS-Launcher> npm run tauri:dev

> aragon-launcher@1.0.0 tauri:dev
> tauri dev

     Running BeforeDevCommand (`npm run dev`)

> aragon-launcher@1.0.0 dev
> vite

The CJS build of Vite's Node API is deprecated. See https://vite.dev/guide/troubleshooting.html#vite-cjs-node-api-deprecated for more details.

  VITE v5.4.20  ready in 226 ms

  ➜  Local:   http://localhost:5000/
  ➜  Network: http://10.0.0.7:5000/
        Info Watching C:\Users\mhmdk\OneDrive\Documents\GitHub\Aragon-RSPS-Launcher\src-tauri for changes...
   Compiling aragon-launcher v1.0.0 (C:\Users\mhmdk\OneDrive\Documents\GitHub\Aragon-RSPS-Launcher\src-tauri)
error: expected one of `)`, `,`, `@`, `if`, or `|`, found `:`
   --> src\main.rs:141:24
    |
141 |         if let Ok(local: Manifest) = serde_json::from_str(&content) {
    |                        ^ expected one of `)`, `,`, `@`, `if`, or `|`

error: expected `,`
   --> src\main.rs:141:24
    |
141 |         if let Ok(local: Manifest) = serde_json::from_str(&content) {
    |                        ^

error: cannot find macro `__cmd__check_for_updates` in this scope
   --> src\main.rs:289:13
    |
289 |             check_for_updates,
    |             ^^^^^^^^^^^^^^^^^

warning: unused variable: `window`
   --> src\main.rs:172:26
    |
172 | async fn download_update(window: Window, update_info: UpdateInfo) -> Result<(), String> {
    |                          ^^^^^^ help: if this is intentional, prefix it with an underscore: `_window`
    |
    = note: `#[warn(unused_variables)]` on by default

warning: unused variable: `total_size`
   --> src\main.rs:183:9
    |
183 |     let total_size = file.size;
    |         ^^^^^^^^^^ help: if this is intentional, prefix it with an underscore: `_total_size`

warning: unused variable: `downloaded`
   --> src\main.rs:184:13
    |
184 |     let mut downloaded: u64 = 0;
    |             ^^^^^^^^^^ help: if this is intentional, prefix it with an underscore: `_downloaded`

warning: variable does not need to be mutable
   --> src\main.rs:184:9
    |
184 |     let mut downloaded: u64 = 0;
    |         ----^^^^^^^^^^
    |         |
    |         help: remove this `mut`
    |
    = note: `#[warn(unused_mut)]` on by default

error[E0382]: borrow of partially moved value: `update_info`
   --> src\main.rs:206:54
    |
173 |     let file = update_info.file
    |                ---------------- help: consider calling `.as_ref()` or `.as_mut()` to borrow the type's contents
174 |         .ok_or("No file entry found")?;
    |          ---------------------------- `update_info.file` partially moved due to this method call
...
206 |     let manifest_json = serde_json::to_string_pretty(&update_info)
    |                                                      ^^^^^^^^^^^^ value borrowed here after partial move
    |
note: `std::option::Option::<T>::ok_or` takes ownership of the receiver `self`, which moves `update_info.file`
   --> /rustc/1159e78c4747b02ef996e55082b704c09b970588\library\core\src\option.rs:1330:44
    = note: partial move occurs because `update_info.file` has type `std::option::Option<FileEntry>`, which does not implement the `Copy` trait
help: you can `clone` the value and consume it, but this might not be your desired behavior
    |
173 |     let file = update_info.file.clone()
    |                                ++++++++

For more information about this error, try `rustc --explain E0382`.
warning: `aragon-launcher` (bin "aragon-launcher") generated 4 warnings
error: could not compile `aragon-launcher` (bin "aragon-launcher") due to 4 previous errors; 4 warnings emitted
